2025-04-17T11:48:09.856+0000 I CONTROL  [initandlisten] MongoDB starting : pid=12965 port=20103 dbpath=./data/b4 64-bit host=codespaces-c69bba
2025-04-17T11:48:09.856+0000 I CONTROL  [initandlisten] db version v3.6.8
2025-04-17T11:48:09.856+0000 I CONTROL  [initandlisten] git version: 8e540c0b6db93ce994cc548f000900bdc740f80a
2025-04-17T11:48:09.856+0000 I CONTROL  [initandlisten] OpenSSL version: OpenSSL 1.1.1f  31 Mar 2020
2025-04-17T11:48:09.856+0000 I CONTROL  [initandlisten] allocator: tcmalloc
2025-04-17T11:48:09.856+0000 I CONTROL  [initandlisten] modules: none
2025-04-17T11:48:09.856+0000 I CONTROL  [initandlisten] build environment:
2025-04-17T11:48:09.856+0000 I CONTROL  [initandlisten]     distarch: x86_64
2025-04-17T11:48:09.856+0000 I CONTROL  [initandlisten]     target_arch: x86_64
2025-04-17T11:48:09.856+0000 I CONTROL  [initandlisten] options: { net: { port: 20103 }, replication: { replSet: "shard-b" }, sharding: { clusterRole: "shardsvr" }, storage: { dbPath: "./data/b4", journal: { enabled: false } }, systemLog: { destination: "file", path: "./data/b4.log" } }
2025-04-17T11:48:09.856+0000 I STORAGE  [initandlisten] 
2025-04-17T11:48:09.856+0000 I STORAGE  [initandlisten] ** WARNING: Using the XFS filesystem is strongly recommended with the WiredTiger storage engine
2025-04-17T11:48:09.856+0000 I STORAGE  [initandlisten] **          See http://dochub.mongodb.org/core/prodnotes-filesystem
2025-04-17T11:48:09.856+0000 I STORAGE  [initandlisten] wiredtiger_open config: create,cache_size=3456M,session_max=20000,eviction=(threads_min=4,threads_max=4),config_base=false,statistics=(fast),cache_cursors=false,compatibility=(release="3.0",require_max="3.0"),log=(enabled=true,archive=true,path=journal,compressor=snappy),file_manager=(close_idle_time=100000),statistics_log=(wait=0),verbose=(recovery_progress),,log=(enabled=false),
2025-04-17T11:48:10.420+0000 I STORAGE  [initandlisten] WiredTiger message [1744890490:420952][12965:0x7d9c8a339ac0], txn-recover: Set global recovery timestamp: 0
2025-04-17T11:48:10.440+0000 I CONTROL  [initandlisten] 
2025-04-17T11:48:10.440+0000 I CONTROL  [initandlisten] ** WARNING: Access control is not enabled for the database.
2025-04-17T11:48:10.440+0000 I CONTROL  [initandlisten] **          Read and write access to data and configuration is unrestricted.
2025-04-17T11:48:10.440+0000 I CONTROL  [initandlisten] 
2025-04-17T11:48:10.440+0000 I CONTROL  [initandlisten] ** WARNING: This server is bound to localhost.
2025-04-17T11:48:10.440+0000 I CONTROL  [initandlisten] **          Remote systems will be unable to connect to this server. 
2025-04-17T11:48:10.440+0000 I CONTROL  [initandlisten] **          Start the server with --bind_ip <address> to specify which IP 
2025-04-17T11:48:10.440+0000 I CONTROL  [initandlisten] **          addresses it should serve responses from, or with --bind_ip_all to
2025-04-17T11:48:10.440+0000 I CONTROL  [initandlisten] **          bind to all interfaces. If this behavior is desired, start the
2025-04-17T11:48:10.440+0000 I CONTROL  [initandlisten] **          server with --bind_ip 127.0.0.1 to disable this warning.
2025-04-17T11:48:10.440+0000 I CONTROL  [initandlisten] 
2025-04-17T11:48:10.441+0000 I CONTROL  [initandlisten] 
2025-04-17T11:48:10.441+0000 I CONTROL  [initandlisten] ** WARNING: /sys/kernel/mm/transparent_hugepage/enabled is 'always'.
2025-04-17T11:48:10.441+0000 I CONTROL  [initandlisten] **        We suggest setting it to 'never'
2025-04-17T11:48:10.441+0000 I CONTROL  [initandlisten] 
2025-04-17T11:48:10.441+0000 I CONTROL  [initandlisten] ** WARNING: Running wiredTiger with the --nojournal option in a replica set
2025-04-17T11:48:10.441+0000 I CONTROL  [initandlisten] **          is deprecated and subject to be removed in a future version.
2025-04-17T11:48:10.441+0000 I CONTROL  [initandlisten] 
2025-04-17T11:48:10.442+0000 W SHARDING [initandlisten] Started with --shardsvr, but no shardIdentity document was found on disk in admin.system.version. This most likely means this server has not yet been added to a sharded cluster.
2025-04-17T11:48:10.442+0000 I STORAGE  [initandlisten] createCollection: local.startup_log with no UUID.
2025-04-17T11:48:10.452+0000 I FTDC     [initandlisten] Initializing full-time diagnostic data capture with directory './data/b4/diagnostic.data'
2025-04-17T11:48:10.452+0000 I STORAGE  [initandlisten] createCollection: local.me with no UUID.
2025-04-17T11:48:10.462+0000 I STORAGE  [initandlisten] createCollection: local.replset.minvalid with no UUID.
2025-04-17T11:48:10.473+0000 I REPL     [initandlisten] Did not find local voted for document at startup.
2025-04-17T11:48:10.473+0000 I REPL     [initandlisten] Did not find local Rollback ID document at startup. Creating one.
2025-04-17T11:48:10.473+0000 I STORAGE  [initandlisten] createCollection: local.system.rollback.id with no UUID.
2025-04-17T11:48:10.483+0000 I REPL     [initandlisten] Initialized the rollback ID to 1
2025-04-17T11:48:10.483+0000 I REPL     [initandlisten] Did not find local replica set configuration document at startup;  NoMatchingDocument: Did not find replica set configuration document in local.system.replset
2025-04-17T11:48:10.483+0000 I CONTROL  [LogicalSessionCacheReap] Sessions collection is not set up; waiting until next sessions reap interval: sharding state is not yet initialized
2025-04-17T11:48:10.483+0000 I NETWORK  [initandlisten] waiting for connections on port 20103
2025-04-17T11:52:34.823+0000 I NETWORK  [listener] connection accepted from 127.0.0.1:47546 #1 (1 connection now open)
2025-04-17T11:52:34.823+0000 I NETWORK  [conn1] end connection 127.0.0.1:47546 (0 connections now open)
2025-04-17T11:52:34.823+0000 I NETWORK  [listener] connection accepted from 127.0.0.1:47556 #2 (1 connection now open)
2025-04-17T11:52:34.824+0000 I NETWORK  [conn2] received client metadata from 127.0.0.1:47556 conn2: { driver: { name: "NetworkInterfaceASIO-Replication", version: "3.6.8" }, os: { type: "Linux", name: "Ubuntu", architecture: "x86_64", version: "20.04" } }
2025-04-17T11:52:34.825+0000 I ASIO     [NetworkInterfaceASIO-Replication-0] Connecting to localhost:20100
2025-04-17T11:52:34.826+0000 I ASIO     [NetworkInterfaceASIO-Replication-0] Successfully connected to localhost:20100, took 1ms (1 connections now open to localhost:20100)
2025-04-17T11:52:34.829+0000 I NETWORK  [listener] connection accepted from 127.0.0.1:47566 #3 (2 connections now open)
2025-04-17T11:52:34.829+0000 I NETWORK  [listener] connection accepted from 127.0.0.1:47574 #4 (3 connections now open)
2025-04-17T11:52:34.830+0000 I STORAGE  [replexec-0] createCollection: local.system.replset with no UUID.
2025-04-17T11:52:34.830+0000 I NETWORK  [conn3] end connection 127.0.0.1:47566 (2 connections now open)
2025-04-17T11:52:34.830+0000 I NETWORK  [conn4] end connection 127.0.0.1:47574 (1 connection now open)
2025-04-17T11:52:34.832+0000 I NETWORK  [listener] connection accepted from 127.0.0.1:47584 #5 (2 connections now open)
2025-04-17T11:52:34.832+0000 I NETWORK  [conn5] received client metadata from 127.0.0.1:47584 conn5: { driver: { name: "NetworkInterfaceASIO-Replication", version: "3.6.8" }, os: { type: "Linux", name: "Ubuntu", architecture: "x86_64", version: "20.04" } }
2025-04-17T11:52:34.833+0000 I ASIO     [NetworkInterfaceASIO-Replication-0] Connecting to localhost:20102
2025-04-17T11:52:34.834+0000 I NETWORK  [listener] connection accepted from 127.0.0.1:47598 #6 (3 connections now open)
2025-04-17T11:52:34.834+0000 I NETWORK  [conn6] received client metadata from 127.0.0.1:47598 conn6: { driver: { name: "NetworkInterfaceASIO-Replication", version: "3.6.8" }, os: { type: "Linux", name: "Ubuntu", architecture: "x86_64", version: "20.04" } }
2025-04-17T11:52:34.835+0000 I ASIO     [NetworkInterfaceASIO-Replication-0] Connecting to localhost:20101
2025-04-17T11:52:34.835+0000 I ASIO     [NetworkInterfaceASIO-Replication-0] Successfully connected to localhost:20102, took 2ms (1 connections now open to localhost:20102)
2025-04-17T11:52:34.836+0000 I ASIO     [NetworkInterfaceASIO-Replication-0] Successfully connected to localhost:20101, took 1ms (1 connections now open to localhost:20101)
2025-04-17T11:52:34.852+0000 I REPL     [replexec-0] 
2025-04-17T11:52:34.852+0000 I REPL     [replexec-0] ** WARNING: This replica set is running without journaling enabled but the 
2025-04-17T11:52:34.852+0000 I REPL     [replexec-0] **          writeConcernMajorityJournalDefault option to the replica set config 
2025-04-17T11:52:34.852+0000 I REPL     [replexec-0] **          is set to true. The writeConcernMajorityJournalDefault 
2025-04-17T11:52:34.852+0000 I REPL     [replexec-0] **          option to the replica set config must be set to false 
2025-04-17T11:52:34.852+0000 I REPL     [replexec-0] **          or w:majority write concerns will never complete.
2025-04-17T11:52:34.852+0000 I REPL     [replexec-0] 
2025-04-17T11:52:34.852+0000 I REPL     [replexec-0] New replica set config in use: { _id: "shard-b", version: 4, protocolVersion: 1, members: [ { _id: 0, host: "localhost:20100", arbiterOnly: false, buildIndexes: true, hidden: false, priority: 1.0, tags: {}, slaveDelay: 0, votes: 1 }, { _id: 1, host: "localhost:20101", arbiterOnly: false, buildIndexes: true, hidden: false, priority: 1.0, tags: {}, slaveDelay: 0, votes: 1 }, { _id: 2, host: "localhost:20102", arbiterOnly: false, buildIndexes: true, hidden: false, priority: 1.0, tags: {}, slaveDelay: 0, votes: 1 }, { _id: 3, host: "localhost:20103", arbiterOnly: true, buildIndexes: true, hidden: false, priority: 0.0, tags: {}, slaveDelay: 0, votes: 1 } ], settings: { chainingAllowed: true, heartbeatIntervalMillis: 2000, heartbeatTimeoutSecs: 10, electionTimeoutMillis: 10000, catchUpTimeoutMillis: -1, catchUpTakeoverDelayMillis: 30000, getLastErrorModes: {}, getLastErrorDefaults: { w: 1, wtimeout: 0 }, replicaSetId: ObjectId('6800eb3ed60acc727b8b9ae8') } }
2025-04-17T11:52:34.852+0000 I REPL     [replexec-0] This node is localhost:20103 in the config
2025-04-17T11:52:34.852+0000 I REPL     [replexec-0] transition to ARBITER from STARTUP
2025-04-17T11:52:34.852+0000 I REPL     [replexec-2] Member localhost:20100 is now in state PRIMARY
2025-04-17T11:52:34.852+0000 I REPL     [replexec-1] Member localhost:20101 is now in state SECONDARY
2025-04-17T11:52:34.853+0000 I REPL     [replexec-4] Member localhost:20102 is now in state SECONDARY
2025-04-17T11:53:10.483+0000 I CONTROL  [LogicalSessionCacheReap] Sessions collection is not set up; waiting until next sessions reap interval: sharding state is not yet initialized
2025-04-17T11:58:10.483+0000 I CONTROL  [LogicalSessionCacheReap] Sessions collection is not set up; waiting until next sessions reap interval: sharding state is not yet initialized
2025-04-17T12:03:10.483+0000 I CONTROL  [LogicalSessionCacheReap] Sessions collection is not set up; waiting until next sessions reap interval: sharding state is not yet initialized
2025-04-17T12:08:10.483+0000 I CONTROL  [LogicalSessionCacheReap] Sessions collection is not set up; waiting until next sessions reap interval: sharding state is not yet initialized
2025-04-17T12:13:10.483+0000 I CONTROL  [LogicalSessionCacheReap] Sessions collection is not set up; waiting until next sessions reap interval: sharding state is not yet initialized
2025-04-17T12:18:10.483+0000 I CONTROL  [LogicalSessionCacheReap] Sessions collection is not set up; waiting until next sessions reap interval: sharding state is not yet initialized
2025-04-17T12:23:10.483+0000 I CONTROL  [LogicalSessionCacheReap] Sessions collection is not set up; waiting until next sessions reap interval: sharding state is not yet initialized
2025-04-17T12:28:10.483+0000 I CONTROL  [LogicalSessionCacheReap] Sessions collection is not set up; waiting until next sessions reap interval: sharding state is not yet initialized
2025-04-17T12:33:10.483+0000 I CONTROL  [LogicalSessionCacheReap] Sessions collection is not set up; waiting until next sessions reap interval: sharding state is not yet initialized
2025-04-17T12:38:10.484+0000 I CONTROL  [LogicalSessionCacheReap] Sessions collection is not set up; waiting until next sessions reap interval: sharding state is not yet initialized
2025-04-17T12:43:10.484+0000 I CONTROL  [LogicalSessionCacheReap] Sessions collection is not set up; waiting until next sessions reap interval: sharding state is not yet initialized
2025-04-17T12:48:10.484+0000 I CONTROL  [LogicalSessionCacheReap] Sessions collection is not set up; waiting until next sessions reap interval: sharding state is not yet initialized
